2016-08-26 16:12:36 ERROR  : Error connecting to the server: FATAL:  password authentication failed for user "postgres"
FATAL:  password authentication failed for user "postgres"

2016-08-26 16:12:42 ERROR  : Error connecting to the server: FATAL:  password authentication failed for user "postgres"
FATAL:  password authentication failed for user "postgres"

2016-08-30 11:03:33 ERROR  : Error connecting to the server: FATAL:  password authentication failed for user "postgres"
FATAL:  password authentication failed for user "postgres"

2016-08-30 14:41:41 ERROR  : Error connecting to the server: FATAL:  password authentication failed for user "postgres"
FATAL:  password authentication failed for user "postgres"

2016-09-01 19:57:26 ERROR  : ERROR:  null value in column "start_date" violates not-null constraint
DETAIL:  Failing row contains (2, Test 2, null, null, null, null, null, null, null).
2016-09-01 19:57:30 ERROR  : ERROR:  null value in column "start_date" violates not-null constraint
DETAIL:  Failing row contains (2, Test 2, null, null, null, null, null, null, null).
2016-09-01 19:57:33 ERROR  : ERROR:  null value in column "start_date" violates not-null constraint
DETAIL:  Failing row contains (2, Test 2, null, null, null, null, null, null, null).
2016-09-01 19:57:36 ERROR  : ERROR:  null value in column "start_date" violates not-null constraint
DETAIL:  Failing row contains (2, Test 2, null, null, null, null, null, null, null).
2016-09-01 19:57:41 ERROR  : ERROR:  null value in column "start_date" violates not-null constraint
DETAIL:  Failing row contains (2, Test 2, null, null, null, null, null, null, null).
2016-09-01 19:57:45 ERROR  : ERROR:  null value in column "start_date" violates not-null constraint
DETAIL:  Failing row contains (3, Test 2, null, null, null, null, null, null, null).
2016-09-01 19:57:52 ERROR  : ERROR:  null value in column "start_date" violates not-null constraint
DETAIL:  Failing row contains (2, Test 2, null, null, null, null, null, null, null).
2016-09-01 19:57:59 ERROR  : ERROR:  null value in column "start_date" violates not-null constraint
DETAIL:  Failing row contains (2, Test 2, null, null, null, null, null, null, null).
2016-09-01 19:58:02 ERROR  : ERROR:  null value in column "start_date" violates not-null constraint
DETAIL:  Failing row contains (2, Test 2, null, null, null, null, null, null, null).
2016-09-01 19:58:07 ERROR  : ERROR:  null value in column "start_date" violates not-null constraint
DETAIL:  Failing row contains (4, Test 2, null, null, null, null, null, null, null).
2016-09-07 09:59:04 ERROR  : ERROR:  database "jac-ads" is being accessed by other users
DETAIL:  There is 1 other session using the database.
2016-09-10 11:49:57 ERROR  : ERROR:  column "oid" does not exist
2016-09-10 17:22:09 ERROR  : ERROR:  syntax error at or near "from"
2016-09-12 10:03:58 ERROR  : Error connecting to the server: FATAL:  password authentication failed for user "postgres"
FATAL:  password authentication failed for user "postgres"

2016-09-22 11:53:24 ERROR  : ERROR:  syntax error at end of input
LINE 1: DELETE FROM public.message_category WHERE 
                                                  ^
2016-09-22 11:53:32 ERROR  : ERROR:  syntax error at end of input
LINE 1: UPDATE public.message_category SET id='1'::integer WHERE 
                                                                 ^
2016-09-22 11:53:35 ERROR  : ERROR:  syntax error at end of input
LINE 1: UPDATE public.message_category SET id='1'::integer WHERE 
                                                                 ^
2016-09-22 11:53:41 ERROR  : ERROR:  syntax error at end of input
LINE 1: UPDATE public.message_category SET id='1'::integer WHERE 
                                                                 ^
2016-09-22 11:53:52 ERROR  : ERROR:  syntax error at end of input
LINE 1: UPDATE public.message_category SET id='1'::integer WHERE 
                                                                 ^
2016-09-22 11:54:12 ERROR  : ERROR:  syntax error at end of input
LINE 1: UPDATE public.message_category SET id='1'::integer WHERE 
                                                                 ^
2016-09-22 11:54:15 ERROR  : ERROR:  syntax error at end of input
LINE 1: UPDATE public.message_category SET id='1'::integer WHERE 
                                                                 ^
2016-09-22 11:54:44 ERROR  : ERROR:  syntax error at end of input
LINE 1: UPDATE public.message_category SET id='1'::integer WHERE 
                                                                 ^
2016-09-22 11:54:56 ERROR  : ERROR:  syntax error at end of input
LINE 1: ...tegory SET id='1'::integer, category_id=NULL::integer WHERE 
                                                                       ^
2016-09-22 11:55:27 ERROR  : ERROR:  syntax error at end of input
LINE 1: ...tegory SET id='1'::integer, category_id=NULL::integer WHERE 
                                                                       ^
2016-09-22 11:58:05 ERROR  : ERROR:  null value in column "id" violates not-null constraint
DETAIL:  Failing row contains (null, General, null, null).
2016-09-22 11:58:37 ERROR  : ERROR:  null value in column "id" violates not-null constraint
DETAIL:  Failing row contains (null, General, null, null).
2016-09-23 14:32:11 ERROR  : ERROR:  database "manajor" is being accessed by other users
DETAIL:  There are 2 other sessions using the database.
2016-09-26 16:45:13 ERROR  : ERROR:  null value in column "id" violates not-null constraint
DETAIL:  Failing row contains (null, 2, 1, desp).
2016-09-26 16:45:24 ERROR  : ERROR:  null value in column "id" violates not-null constraint
DETAIL:  Failing row contains (null, null, null, null).
2016-09-26 16:45:27 ERROR  : ERROR:  null value in column "id" violates not-null constraint
DETAIL:  Failing row contains (null, null, null, null).
2016-09-26 16:45:32 ERROR  : ERROR:  null value in column "id" violates not-null constraint
DETAIL:  Failing row contains (null, null, null, null).
2016-09-26 16:45:35 ERROR  : ERROR:  null value in column "id" violates not-null constraint
DETAIL:  Failing row contains (null, null, null, null).
2016-09-26 16:45:38 ERROR  : ERROR:  null value in column "id" violates not-null constraint
DETAIL:  Failing row contains (null, null, null, null).
2016-09-26 16:45:54 ERROR  : ERROR:  null value in column "id" violates not-null constraint
DETAIL:  Failing row contains (null, 2, 1, desp).
2016-09-26 16:45:57 ERROR  : ERROR:  null value in column "id" violates not-null constraint
DETAIL:  Failing row contains (null, 2, 1, desp).
2016-09-26 16:46:08 ERROR  : ERROR:  null value in column "id" violates not-null constraint
DETAIL:  Failing row contains (null, null, null, null).
2016-09-26 16:46:10 ERROR  : ERROR:  null value in column "id" violates not-null constraint
DETAIL:  Failing row contains (null, null, null, null).
2016-09-26 16:46:13 ERROR  : ERROR:  null value in column "id" violates not-null constraint
DETAIL:  Failing row contains (null, null, null, null).
2016-09-26 16:46:16 ERROR  : ERROR:  null value in column "id" violates not-null constraint
DETAIL:  Failing row contains (null, null, null, null).
2016-09-26 16:46:18 ERROR  : ERROR:  null value in column "id" violates not-null constraint
DETAIL:  Failing row contains (null, null, null, null).
2016-09-26 16:46:23 ERROR  : ERROR:  null value in column "id" violates not-null constraint
DETAIL:  Failing row contains (null, null, null, null).
2016-09-26 16:46:25 ERROR  : ERROR:  null value in column "id" violates not-null constraint
DETAIL:  Failing row contains (null, null, null, null).
2016-09-28 14:35:10 ERROR  : Error connecting to the server: FATAL:  password authentication failed for user "postgres"
FATAL:  password authentication failed for user "postgres"

2016-10-10 15:27:18 ERROR  : ERROR:  null value in column "id" violates not-null constraint
DETAIL:  Failing row contains (null, null, null, null, null, null, null, null, null, null).
2016-10-10 15:27:20 ERROR  : ERROR:  null value in column "id" violates not-null constraint
DETAIL:  Failing row contains (null, null, null, null, null, null, null, null, null, null).
2016-10-10 15:27:38 ERROR  : ERROR:  null value in column "id" violates not-null constraint
DETAIL:  Failing row contains (null, null, null, null, null, null, null, null, null, null).
2016-10-13 09:32:36 ERROR  : Error connecting to the server: FATAL:  password authentication failed for user "postgres"
FATAL:  password authentication failed for user "postgres"

2016-10-13 11:48:52 ERROR  : ERROR:  null value in column "id" violates not-null constraint
DETAIL:  Failing row contains (null, null, null, null, null, null, null, null, null, null).
2016-10-13 11:48:56 ERROR  : ERROR:  null value in column "id" violates not-null constraint
DETAIL:  Failing row contains (null, null, null, null, null, null, null, null, null, null).
2016-10-13 11:49:00 ERROR  : ERROR:  null value in column "id" violates not-null constraint
DETAIL:  Failing row contains (null, null, null, null, null, null, null, null, null, null).
2016-10-13 11:49:03 ERROR  : ERROR:  null value in column "id" violates not-null constraint
DETAIL:  Failing row contains (null, null, null, null, null, null, null, null, null, null).
2016-10-13 11:49:18 ERROR  : ERROR:  null value in column "id" violates not-null constraint
DETAIL:  Failing row contains (null, null, null, null, null, null, null, null, null, null).
2016-10-13 11:49:21 ERROR  : ERROR:  null value in column "id" violates not-null constraint
DETAIL:  Failing row contains (null, null, null, null, null, null, null, null, null, null).
2016-10-13 11:49:24 ERROR  : ERROR:  null value in column "id" violates not-null constraint
DETAIL:  Failing row contains (null, null, null, null, null, null, null, null, null, null).
2016-10-13 11:49:26 ERROR  : ERROR:  null value in column "id" violates not-null constraint
DETAIL:  Failing row contains (null, null, null, null, null, null, null, null, null, null).
